<?xml version="1.0" encoding="UTF-8"?>
<!-- Generated by org.testng.reporters.JUnitReportReporter -->
<testsuite skipped="0" hostname="PRO-IND-1102" name="Com.Tricenties_TestScript.EndToEnd_Test" tests="1" failures="0" timestamp="2023-03-11T15:42:33 IST" time="27.843" errors="0">
  <testcase name="TC02_Demohop_EndToEnd" time="27.843" classname="Com.Tricenties_TestScript.EndToEnd_Test"/>
  <system-out/>
</testsuite> <!-- Com.Tricenties_TestScript.EndToEnd_Test -->
